<?xml version="1.0" encoding="UTF-8"?>
<!-- Generated by org.testng.reporters.JUnitReportReporter -->
<testsuite name="com.moe.Logoutt" tests="1" time="0.000" ignored="0" failures="0" timestamp="13 Jan 2017 01:57:41 GMT" skipped="0" hostname="GOVTECH-CTMO-02" errors="0">
  <testcase name="pubic" time="0.000" classname="com.moe.Logoutt"/>
</testsuite> <!-- com.moe.Logoutt -->
