<?xml version="1.0" encoding="UTF-8"?>
<!-- Generated by org.testng.reporters.JUnitReportReporter -->
<testsuite name="com.moe.DemoMoe" tests="1" time="0.000" ignored="0" failures="0" timestamp="13 Jan 2017 03:40:41 GMT" skipped="0" hostname="GOVTECH-CTMO-02" errors="0">
  <testcase name="testLogin" time="0.000" classname="com.moe.DemoMoe"/>
</testsuite> <!-- com.moe.DemoMoe -->
